~~~~~~~~~~~~BEGIN k=1~~~~~~~~~~~~~
SIGMA FIXED AT:         1.0
FINAL MUS:              [15.481698203115913]
FINAL SIGMAS:           [1.0]
FINAL ALPHAS:           [1.0]
LOG LIKELIHOOD FOR DATASET: -208058.4461102994
ITERATIONS TO CONVERGE: 1
TIME TO CONVERGE:       0.07878899574279785 seconds
~~~~~~~~~~~~END k=1~~~~~~~~~~~~~~~
~~~~~~~~~~~~BEGIN k=3~~~~~~~~~~~~~
SIGMA FIXED AT:         1.0
FINAL MUS:              [25.486654429392342, 15.449160789778816, 5.5092793958659545]
FINAL SIGMAS:           [1.0, 1.0, 1.0]
FINAL ALPHAS:           [0.33333333332396015, 0.33333333316137326, 0.33333333351466654]
LOG LIKELIHOOD FOR DATASET: -15100.77513148304
ITERATIONS TO CONVERGE: 3
TIME TO CONVERGE:       0.891279935836792 seconds
~~~~~~~~~~~~END k=3~~~~~~~~~~~~~~~
~~~~~~~~~~~~BEGIN k=5~~~~~~~~~~~~~
SIGMA FIXED AT:         1.0
FINAL MUS:              [25.21003872154908, 15.449725073872685, 15.44895309406839, 5.509279395865952, 25.494494584970592]
FINAL SIGMAS:           [1.0, 1.0, 1.0, 1.0, 1.0]
FINAL ALPHAS:           [0.009187313501098117, 0.0896809753606932, 0.2436523578003367, 0.33333333351466643, 0.3241460198232057]
LOG LIKELIHOOD FOR DATASET: -15100.781456054203
ITERATIONS TO CONVERGE: 183
TIME TO CONVERGE:       105.41365098953247 seconds
~~~~~~~~~~~~END k=5~~~~~~~~~~~~~~~
