~~~~~~~~~~~~BEGIN k=1~~~~~~~~~~~~~
FINAL MUS:              [15.481698203115913]
FINAL SIGMAS:           [8.216747428495687]
FINAL ALPHAS:           [1.0]
LOG LIKELIHOOD FOR DATASET: -21150.677844016787
ITERATIONS TO CONVERGE: 1
TIME TO CONVERGE:       0.08676791191101074 seconds
~~~~~~~~~~~~END k=1~~~~~~~~~~~~~~~
~~~~~~~~~~~~BEGIN k=3~~~~~~~~~~~~~
FINAL MUS:              [25.486654429328876, 15.449160792031524, 5.509279400177863]
FINAL SIGMAS:           [0.9990478558012893, 0.9834205282381381, 1.0150161006795404]
FINAL ALPHAS:           [0.33333333333016846, 0.3333333329308803, 0.33333333373895124]
LOG LIKELIHOOD FOR DATASET: -15099.771749646807
ITERATIONS TO CONVERGE: 24
TIME TO CONVERGE:       6.2982659339904785 seconds
~~~~~~~~~~~~END k=3~~~~~~~~~~~~~~~
~~~~~~~~~~~~BEGIN k=5~~~~~~~~~~~~~
FINAL MUS:              [13.670837671438921, 12.048067622460668, 15.467209083499261, 5.5092793941528475, 25.486654429297307]
FINAL SIGMAS:           [0.009366975861893933, 0.09372828860341106, 0.9662598423204047, 1.0150160820066556, 0.9990478558579446]
FINAL ALPHAS:           [0.002284243189596031, 0.0005594237953986806, 0.33048966625404697, 0.333333333427852, 0.33333333333310616]
LOG LIKELIHOOD FOR DATASET: -15085.80473115261
ITERATIONS TO CONVERGE: 899
TIME TO CONVERGE:       554.3484528064728 seconds
~~~~~~~~~~~~END k=5~~~~~~~~~~~~~~~
