~~~~~~~~~~~~BEGIN k=1~~~~~~~~~~~~~
SIGMA FIXED AT:         1.0
FINAL MUS:              [15.481698203115913]
FINAL SIGMAS:           [1.0]
FINAL ALPHAS:           [1.0]
LOG LIKELIHOOD FOR DATASET: -208058.4461102994
ITERATIONS TO CONVERGE: 1
TIME TO CONVERGE:       0.07828688621520996 seconds
~~~~~~~~~~~~END k=1~~~~~~~~~~~~~~~
~~~~~~~~~~~~BEGIN k=3~~~~~~~~~~~~~
SIGMA FIXED AT:         1.0
FINAL MUS:              [25.486654429392274, 15.449160789778519, 5.509279395865625]
FINAL SIGMAS:           [1.0, 1.0, 1.0]
FINAL ALPHAS:           [0.3333333333239659, 0.33333333316138497, 0.33333333351464906]
LOG LIKELIHOOD FOR DATASET: -15100.775131483033
ITERATIONS TO CONVERGE: 2
TIME TO CONVERGE:       0.6570861339569092 seconds
~~~~~~~~~~~~END k=3~~~~~~~~~~~~~~~
~~~~~~~~~~~~BEGIN k=5~~~~~~~~~~~~~
SIGMA FIXED AT:         1.0
FINAL MUS:              [15.451194637842582, 15.448927095104205, 5.509279395865622, 15.419571866654785, 25.486654429392384]
FINAL SIGMAS:           [1.0, 1.0, 1.0, 1.0, 1.0]
FINAL ALPHAS:           [0.09904317560815176, 0.22929321436468597, 0.33333333351464867, 0.004996943188557026, 0.3333333333239563]
LOG LIKELIHOOD FOR DATASET: -15100.775594902316
ITERATIONS TO CONVERGE: 136
TIME TO CONVERGE:       80.66655611991882 seconds
~~~~~~~~~~~~END k=5~~~~~~~~~~~~~~~
