~~~~~~~~~~~~BEGIN k=1~~~~~~~~~~~~~
FINAL MUS:              [15.481698203115913]
FINAL SIGMAS:           [8.216747428495687]
FINAL ALPHAS:           [1.0]
LOG LIKELIHOOD FOR DATASET: -21150.677844016787
ITERATIONS TO CONVERGE: 1
TIME TO CONVERGE:       0.0863800048828125 seconds
~~~~~~~~~~~~END k=1~~~~~~~~~~~~~~~
~~~~~~~~~~~~BEGIN k=3~~~~~~~~~~~~~
FINAL MUS:              [25.486654429329228, 15.449160792031073, 5.50927940017642]
FINAL SIGMAS:           [0.9990478558002782, 0.9834205282404743, 1.015016100675094]
FINAL ALPHAS:           [0.33333333333014475, 0.3333333329309795, 0.33333333373887575]
LOG LIKELIHOOD FOR DATASET: -15099.77174964678
ITERATIONS TO CONVERGE: 5
TIME TO CONVERGE:       1.4532110691070557 seconds
~~~~~~~~~~~~END k=3~~~~~~~~~~~~~~~
~~~~~~~~~~~~BEGIN k=5~~~~~~~~~~~~~
FINAL MUS:              [15.959280234067956, 15.2678302711394, 5.509279394914123, 14.114092069721133, 25.486654429264615]
FINAL SIGMAS:           [0.8704559127573095, 0.9183671247590233, 1.0150160872307703, 0.9797020484939531, 0.9990478559240134]
FINAL ALPHAS:           [0.10162106242055798, 0.22319874954898625, 0.33333333337640353, 0.008513521318114392, 0.3333333333359382]
LOG LIKELIHOOD FOR DATASET: -15098.56671534821
ITERATIONS TO CONVERGE: 47
TIME TO CONVERGE:       29.74101996421814 seconds
~~~~~~~~~~~~END k=5~~~~~~~~~~~~~~~
