~~~~~~~~~~~~BEGIN k=1~~~~~~~~~~~~~
FINAL MUS:              [15.481698203115913]
FINAL SIGMAS:           [8.216747428495687]
FINAL ALPHAS:           [1.0]
LOG LIKELIHOOD FOR DATASET: -21150.677844016787
ITERATIONS TO CONVERGE: 1
TIME TO CONVERGE:       0.08676719665527344 seconds
~~~~~~~~~~~~END k=1~~~~~~~~~~~~~~~
~~~~~~~~~~~~BEGIN k=3~~~~~~~~~~~~~
FINAL MUS:              [25.486654429329228, 15.449160792031073, 5.50927940017642]
FINAL SIGMAS:           [0.9990478558002782, 0.9834205282404743, 1.0150161006750937]
FINAL ALPHAS:           [0.33333333333014475, 0.3333333329309795, 0.3333333337388757]
LOG LIKELIHOOD FOR DATASET: -15099.77174964678
ITERATIONS TO CONVERGE: 329
TIME TO CONVERGE:       84.31581497192383 seconds
~~~~~~~~~~~~END k=3~~~~~~~~~~~~~~~
~~~~~~~~~~~~BEGIN k=5~~~~~~~~~~~~~
FINAL MUS:              [25.486654429329228, 15.449160787663647, 6.442014315193172, 5.747798473121335, 5.077375512591485]
FINAL SIGMAS:           [0.9990478558002782, 0.9834205355606472, 0.6784110991774183, 0.2816129474676288, 0.8871846562805981]
FINAL ALPHAS:           [0.33333333333014475, 0.33333333334299126, 0.09640355979002255, 0.0185135686250548, 0.21841620491178662]
LOG LIKELIHOOD FOR DATASET: -15092.128777737733
ITERATIONS TO CONVERGE: 344
TIME TO CONVERGE:       215.96122908592224 seconds
~~~~~~~~~~~~END k=5~~~~~~~~~~~~~~~
