~~~~~~~~~~~~BEGIN k=1~~~~~~~~~~~~~
SIGMA FIXED AT:         1.0
FINAL MUS:              [15.481698203115913]
FINAL SIGMAS:           [1.0]
FINAL ALPHAS:           [1.0]
LOG LIKELIHOOD FOR DATASET: -208058.4461102994
ITERATIONS TO CONVERGE: 1
TIME TO CONVERGE:       0.08398795127868652 seconds
~~~~~~~~~~~~END k=1~~~~~~~~~~~~~~~
~~~~~~~~~~~~BEGIN k=3~~~~~~~~~~~~~
SIGMA FIXED AT:         1.0
FINAL MUS:              [25.486654429392125, 15.44916078977789, 5.509279395864936]
FINAL SIGMAS:           [1.0, 1.0, 1.0]
FINAL ALPHAS:           [0.3333333333239784, 0.3333333331614089, 0.3333333335146127]
LOG LIKELIHOOD FOR DATASET: -15100.77513148303
ITERATIONS TO CONVERGE: 3
TIME TO CONVERGE:       0.9520649909973145 seconds
~~~~~~~~~~~~END k=3~~~~~~~~~~~~~~~
~~~~~~~~~~~~BEGIN k=5~~~~~~~~~~~~~
SIGMA FIXED AT:         1.0
FINAL MUS:              [25.486654429392484, 15.450961032196595, 5.919681838861102, 15.419679778071542, 5.49508263867125]
FINAL SIGMAS:           [1.0, 1.0, 1.0, 1.0, 1.0]
FINAL ALPHAS:           [0.3333333333239462, 0.31414993980583356, 0.011145223015609329, 0.019183393297058638, 0.32218811055755153]
LOG LIKELIHOOD FOR DATASET: -15100.708076731891
ITERATIONS TO CONVERGE: 113
TIME TO CONVERGE:       65.85324597358704 seconds
~~~~~~~~~~~~END k=5~~~~~~~~~~~~~~~
