~~~~~~~~~~~~BEGIN k=1~~~~~~~~~~~~~
FINAL MUS:              [15.481698203115913]
FINAL SIGMAS:           [8.216747428495687]
FINAL ALPHAS:           [1.0]
LOG LIKELIHOOD FOR DATASET: -21150.677844016787
ITERATIONS TO CONVERGE: 1
TIME TO CONVERGE:       0.0919790267944336 seconds
~~~~~~~~~~~~END k=1~~~~~~~~~~~~~~~
~~~~~~~~~~~~BEGIN k=3~~~~~~~~~~~~~
FINAL MUS:              [25.454046060038767, 10.645379138648833, 26.867642937657166]
FINAL SIGMAS:           [0.9165463163782784, 5.259477879990513, 0.8593818420808946]
FINAL ALPHAS:           [0.31005810231871034, 0.6748532575270096, 0.015088640154279426]
LOG LIKELIHOOD FOR DATASET: -18774.52464798364
ITERATIONS TO CONVERGE: 119
TIME TO CONVERGE:       31.602858066558838 seconds
~~~~~~~~~~~~END k=3~~~~~~~~~~~~~~~
~~~~~~~~~~~~BEGIN k=5~~~~~~~~~~~~~
FINAL MUS:              [25.493990383044892, 15.449160792028714, 28.40804833950488, 5.50927940017642, 23.089091364774525]
FINAL SIGMAS:           [0.963818626116767, 0.9834205282000019, 0.23684996898814273, 1.0150161006750935, 0.4528715728079227]
FINAL ALPHAS:           [0.3294334804546342, 0.33333333293181827, 0.001303532720167661, 0.3333333337388757, 0.0025963201545041326]
LOG LIKELIHOOD FOR DATASET: -15096.460034591004
ITERATIONS TO CONVERGE: 288
TIME TO CONVERGE:       182.7964289188385 seconds
~~~~~~~~~~~~END k=5~~~~~~~~~~~~~~~
