~~~~~~~~~~~~BEGIN k=1~~~~~~~~~~~~~
SIGMA FIXED AT:         1.0
FINAL MUS:              [15.481698203115913]
FINAL SIGMAS:           [1.0]
FINAL ALPHAS:           [1.0]
LOG LIKELIHOOD FOR DATASET: -208058.4461102994
ITERATIONS TO CONVERGE: 1
TIME TO CONVERGE:       0.07632994651794434 seconds
~~~~~~~~~~~~END k=1~~~~~~~~~~~~~~~
~~~~~~~~~~~~BEGIN k=3~~~~~~~~~~~~~
SIGMA FIXED AT:         1.0
FINAL MUS:              [25.421846019351108, 10.464585254113176, 26.38394979167506]
FINAL SIGMAS:           [1.0, 1.0, 1.0]
FINAL ALPHAS:           [0.3216380093668046, 0.6654035983302505, 0.012958392302945718]
LOG LIKELIHOOD FOR DATASET: -61702.418100909585
ITERATIONS TO CONVERGE: 46
TIME TO CONVERGE:       11.047355890274048 seconds
~~~~~~~~~~~~END k=3~~~~~~~~~~~~~~~
~~~~~~~~~~~~BEGIN k=5~~~~~~~~~~~~~
SIGMA FIXED AT:         1.0
FINAL MUS:              [25.487623687835914, 15.449160789400812, 25.64110268571265, 5.5092793958659545, 23.900132006706432]
FINAL SIGMAS:           [1.0, 1.0, 1.0, 1.0, 1.0]
FINAL ALPHAS:           [0.33064134970266945, 0.3333333331217792, 0.0022690877541635623, 0.33333333351466654, 0.0004228959067209483]
LOG LIKELIHOOD FOR DATASET: -15100.758849470863
ITERATIONS TO CONVERGE: 52
TIME TO CONVERGE:       30.42284107208252 seconds
~~~~~~~~~~~~END k=5~~~~~~~~~~~~~~~
