~~~~~~~~~~~~BEGIN k=1~~~~~~~~~~~~~
FINAL MUS:              [15.481698203115913]
FINAL SIGMAS:           [8.216747428495687]
FINAL ALPHAS:           [1.0]
LOG LIKELIHOOD FOR DATASET: -21150.677844016787
ITERATIONS TO CONVERGE: 1
TIME TO CONVERGE:       0.08916997909545898 seconds
~~~~~~~~~~~~END k=1~~~~~~~~~~~~~~~
~~~~~~~~~~~~BEGIN k=3~~~~~~~~~~~~~
FINAL MUS:              [25.486654429329228, 15.449160792031073, 5.509279400176421]
FINAL SIGMAS:           [0.9990478558002782, 0.9834205282404739, 1.015016100675095]
FINAL ALPHAS:           [0.33333333333014475, 0.3333333329309795, 0.33333333373887575]
LOG LIKELIHOOD FOR DATASET: -15099.77174964678
ITERATIONS TO CONVERGE: 7
TIME TO CONVERGE:       2.006085157394409 seconds
~~~~~~~~~~~~END k=3~~~~~~~~~~~~~~~
~~~~~~~~~~~~BEGIN k=5~~~~~~~~~~~~~
FINAL MUS:              [15.802301367254572, 15.378528835817725, 5.342771066376581, 25.486654429322467, 6.3939729415636135]
FINAL SIGMAS:           [0.8211057803071001, 0.9978815057236062, 0.9843595868448456, 0.9990478558237106, 0.6526355157782934]
FINAL ALPHAS:           [0.05555807010603385, 0.27777526321481405, 0.2805339836141039, 0.3333333333304538, 0.052799349734594554]
LOG LIKELIHOOD FOR DATASET: -15093.76785343873
ITERATIONS TO CONVERGE: 90
TIME TO CONVERGE:       56.88364291191101 seconds
~~~~~~~~~~~~END k=5~~~~~~~~~~~~~~~
