~~~~~~~~~~~~BEGIN k=1~~~~~~~~~~~~~
SIGMA FIXED AT:         1.0
FINAL MUS:              [15.481698203115913]
FINAL SIGMAS:           [1.0]
FINAL ALPHAS:           [1.0]
LOG LIKELIHOOD FOR DATASET: -208058.4461102994
ITERATIONS TO CONVERGE: 1
TIME TO CONVERGE:       0.07797789573669434 seconds
~~~~~~~~~~~~END k=1~~~~~~~~~~~~~~~
~~~~~~~~~~~~BEGIN k=3~~~~~~~~~~~~~
SIGMA FIXED AT:         1.0
FINAL MUS:              [25.486654429392342, 15.449160789778816, 5.5092793958659545]
FINAL SIGMAS:           [1.0, 1.0, 1.0]
FINAL ALPHAS:           [0.33333333332396015, 0.33333333316137326, 0.33333333351466654]
LOG LIKELIHOOD FOR DATASET: -15100.77513148304
ITERATIONS TO CONVERGE: 3
TIME TO CONVERGE:       0.8970229625701904 seconds
~~~~~~~~~~~~END k=3~~~~~~~~~~~~~~~
~~~~~~~~~~~~BEGIN k=5~~~~~~~~~~~~~
SIGMA FIXED AT:         1.0
FINAL MUS:              [15.477388066993596, 15.44631838564428, 5.460738670505883, 25.48665442939258, 5.830274646749146]
FINAL SIGMAS:           [1.0, 1.0, 1.0, 1.0, 1.0]
FINAL ALPHAS:           [0.030494952243782392, 0.30283838080201453, 0.28954803643173016, 0.3333333333239364, 0.043785297198535605]
LOG LIKELIHOOD FOR DATASET: -15100.577438476388
ITERATIONS TO CONVERGE: 64
TIME TO CONVERGE:       37.69314908981323 seconds
~~~~~~~~~~~~END k=5~~~~~~~~~~~~~~~
